Command line invocation:
    /Applications/Xcode.app/Contents/Developer/usr/bin/xcodebuild -project /Users/shamsahmed/StepTest/StepTest.xcodeproj -scheme StepTest clean archive -archivePath /var/folders/kb/p2wfrmxx1vb5489fgdfshf_h0000gn/T/__codesigndoc__349655211/StepTest.xcarchive

User defaults from command line:
    IDEArchivePathOverride = /var/folders/kb/p2wfrmxx1vb5489fgdfshf_h0000gn/T/__codesigndoc__349655211/StepTest.xcarchive

note: Using new build system
note: Building targets in parallel

** CLEAN SUCCEEDED **

note: Using new build system
note: Building targets in parallel
note: Planning build
2020-07-17 10:26:41.684 xcodebuild[41857:12301779]  DTDeviceKit: deviceType from 5ec74c0dab5e9675f53d82dd9213316833da5382 was NULL
2020-07-17 10:26:41.789 xcodebuild[41857:12301718] [MT] DTDeviceKit: deviceType from 5ec74c0dab5e9675f53d82dd9213316833da5382 was NULL
2020-07-17 10:26:41.795 xcodebuild[41857:12301718] [MT] DTDeviceKit: deviceType from 5ec74c0dab5e9675f53d82dd9213316833da5382 was NULL
note: Constructing build description
2020-07-17 10:26:42.088 xcodebuild[41857:12301718] [MT] iPhoneConnect: 📱<DVTiOSDevice (0x7fa6de0a3260), iPhone 11 Pro (Shams), iPhone, 13.5.1 (17F80), 00008030-001C488214A0802E> == Underlying device preparation errors ==
2020-07-17 10:26:42.088 xcodebuild[41857:12301718] [MT] iPhoneConnect: Failed _shouldMakeReadyForDevelopment check even though device is not locked by passcode.
Domain: com.apple.platform.iphoneos
Code: 5
Failure Reason: allowsSecureServices: 1. isConnected: 0. Platform: <DVTPlatform:0x7fa6dd405d00:'com.apple.platform.iphoneos':<DVTFilePath:0x7fa6dd405c80:'/Applications/Xcode.app/Contents/Developer/Platforms/iPhoneOS.platform'>>. DTDKDeviceIdentifierIsIDID: 0
User Info: {
    DVTDeviceDescription = "\Ud83d\Udcf1<DVTiOSDevice (0x7fa6de0a3260), iPhone 11 Pro (Shams), iPhone, 13.5.1 (17F80), 00008030-001C488214A0802E>";
}
--
2020-07-17 10:26:42.088 xcodebuild[41857:12301718] [MT] iPhoneConnect: 📱<DVTiOSDevice (0x7fa6de0a3260), iPhone 11 Pro (Shams), iPhone, 13.5.1 (17F80), 00008030-001C488214A0802E> == END: Underlying device preparation errors ==
2020-07-17 10:26:42.180 xcodebuild[41857:12301718] [MT] DTDeviceKit: deviceType from 5ec74c0dab5e9675f53d82dd9213316833da5382 was NULL
2020-07-17 10:26:42.183 xcodebuild[41857:12301718] [MT] DTDeviceKit: deviceType from 5ec74c0dab5e9675f53d82dd9213316833da5382 was NULL
CreateBuildDirectory /Users/shamsahmed/Library/Developer/Xcode/DerivedData/StepTest-azlsrvyiaqedvefrbunryuwlbcry/Build/Intermediates.noindex/ArchiveIntermediates/StepTest/InstallationBuildProductsLocation (in target 'StepTest' from project 'StepTest')
    cd /Users/shamsahmed/StepTest
    builtin-create-build-directory /Users/shamsahmed/Library/Developer/Xcode/DerivedData/StepTest-azlsrvyiaqedvefrbunryuwlbcry/Build/Intermediates.noindex/ArchiveIntermediates/StepTest/InstallationBuildProductsLocation

CreateBuildDirectory /Users/shamsahmed/Library/Developer/Xcode/DerivedData/StepTest-azlsrvyiaqedvefrbunryuwlbcry/Build/Intermediates.noindex/ArchiveIntermediates/StepTest/BuildProductsPath (in target 'StepTest' from project 'StepTest')
    cd /Users/shamsahmed/StepTest
    builtin-create-build-directory /Users/shamsahmed/Library/Developer/Xcode/DerivedData/StepTest-azlsrvyiaqedvefrbunryuwlbcry/Build/Intermediates.noindex/ArchiveIntermediates/StepTest/BuildProductsPath

CreateBuildDirectory /Users/shamsahmed/Library/Developer/Xcode/DerivedData/StepTest-azlsrvyiaqedvefrbunryuwlbcry/Build/Intermediates.noindex/ArchiveIntermediates/StepTest/IntermediateBuildFilesPath (in target 'StepTest' from project 'StepTest')
    cd /Users/shamsahmed/StepTest
    builtin-create-build-directory /Users/shamsahmed/Library/Developer/Xcode/DerivedData/StepTest-azlsrvyiaqedvefrbunryuwlbcry/Build/Intermediates.noindex/ArchiveIntermediates/StepTest/IntermediateBuildFilesPath

SymLink /Users/shamsahmed/Library/Developer/Xcode/DerivedData/StepTest-azlsrvyiaqedvefrbunryuwlbcry/Build/Intermediates.noindex/ArchiveIntermediates/StepTest/BuildProductsPath/Release-iphoneos/StepTest.app /Users/shamsahmed/Library/Developer/Xcode/DerivedData/StepTest-azlsrvyiaqedvefrbunryuwlbcry/Build/Intermediates.noindex/ArchiveIntermediates/StepTest/InstallationBuildProductsLocation/Applications/StepTest.app (in target 'StepTest' from project 'StepTest')
    cd /Users/shamsahmed/StepTest
    /bin/ln -sfh /Users/shamsahmed/Library/Developer/Xcode/DerivedData/StepTest-azlsrvyiaqedvefrbunryuwlbcry/Build/Intermediates.noindex/ArchiveIntermediates/StepTest/InstallationBuildProductsLocation/Applications/StepTest.app /Users/shamsahmed/Library/Developer/Xcode/DerivedData/StepTest-azlsrvyiaqedvefrbunryuwlbcry/Build/Intermediates.noindex/ArchiveIntermediates/StepTest/BuildProductsPath/Release-iphoneos/StepTest.app

MkDir /Users/shamsahmed/Library/Developer/Xcode/DerivedData/StepTest-azlsrvyiaqedvefrbunryuwlbcry/Build/Intermediates.noindex/ArchiveIntermediates/StepTest/InstallationBuildProductsLocation/Applications/StepTest.app (in target 'StepTest' from project 'StepTest')
    cd /Users/shamsahmed/StepTest
    /bin/mkdir -p /Users/shamsahmed/Library/Developer/Xcode/DerivedData/StepTest-azlsrvyiaqedvefrbunryuwlbcry/Build/Intermediates.noindex/ArchiveIntermediates/StepTest/InstallationBuildProductsLocation/Applications/StepTest.app

ProcessProductPackaging /Users/shamsahmed/Library/MobileDevice/Provisioning\ Profiles/09009eb5-c28c-4a21-ae7c-a406b610c2b3.mobileprovision /Users/shamsahmed/Library/Developer/Xcode/DerivedData/StepTest-azlsrvyiaqedvefrbunryuwlbcry/Build/Intermediates.noindex/ArchiveIntermediates/StepTest/InstallationBuildProductsLocation/Applications/StepTest.app/embedded.mobileprovision (in target 'StepTest' from project 'StepTest')
    cd /Users/shamsahmed/StepTest
    builtin-productPackagingUtility /Users/shamsahmed/Library/MobileDevice/Provisioning\ Profiles/09009eb5-c28c-4a21-ae7c-a406b610c2b3.mobileprovision -o /Users/shamsahmed/Library/Developer/Xcode/DerivedData/StepTest-azlsrvyiaqedvefrbunryuwlbcry/Build/Intermediates.noindex/ArchiveIntermediates/StepTest/InstallationBuildProductsLocation/Applications/StepTest.app/embedded.mobileprovision

WriteAuxiliaryFile /Users/shamsahmed/Library/Developer/Xcode/DerivedData/StepTest-azlsrvyiaqedvefrbunryuwlbcry/Build/Intermediates.noindex/ArchiveIntermediates/StepTest/IntermediateBuildFilesPath/StepTest.build/Release-iphoneos/StepTest.build/DerivedSources/Entitlements.plist (in target 'StepTest' from project 'StepTest')
    cd /Users/shamsahmed/StepTest
    write-file /Users/shamsahmed/Library/Developer/Xcode/DerivedData/StepTest-azlsrvyiaqedvefrbunryuwlbcry/Build/Intermediates.noindex/ArchiveIntermediates/StepTest/IntermediateBuildFilesPath/StepTest.build/Release-iphoneos/StepTest.build/DerivedSources/Entitlements.plist

ProcessProductPackaging "" /Users/shamsahmed/Library/Developer/Xcode/DerivedData/StepTest-azlsrvyiaqedvefrbunryuwlbcry/Build/Intermediates.noindex/ArchiveIntermediates/StepTest/IntermediateBuildFilesPath/StepTest.build/Release-iphoneos/StepTest.build/StepTest.app.xcent (in target 'StepTest' from project 'StepTest')
    cd /Users/shamsahmed/StepTest
    

Entitlements:

{
    "application-identifier" = "72SA8V3WYL.io.bitrise.UploadDSYM.StepTest";
    "com.apple.developer.team-identifier" = 72SA8V3WYL;
    "get-task-allow" = 1;
    "keychain-access-groups" =     (
        "72SA8V3WYL.io.bitrise.UploadDSYM.StepTest"
    );
}


    builtin-productPackagingUtility -entitlements -format xml -o /Users/shamsahmed/Library/Developer/Xcode/DerivedData/StepTest-azlsrvyiaqedvefrbunryuwlbcry/Build/Intermediates.noindex/ArchiveIntermediates/StepTest/IntermediateBuildFilesPath/StepTest.build/Release-iphoneos/StepTest.build/StepTest.app.xcent

WriteAuxiliaryFile /Users/shamsahmed/Library/Developer/Xcode/DerivedData/StepTest-azlsrvyiaqedvefrbunryuwlbcry/Build/Intermediates.noindex/ArchiveIntermediates/StepTest/IntermediateBuildFilesPath/StepTest.build/Release-iphoneos/StepTest.build/StepTest-own-target-headers.hmap (in target 'StepTest' from project 'StepTest')
    cd /Users/shamsahmed/StepTest
    write-file /Users/shamsahmed/Library/Developer/Xcode/DerivedData/StepTest-azlsrvyiaqedvefrbunryuwlbcry/Build/Intermediates.noindex/ArchiveIntermediates/StepTest/IntermediateBuildFilesPath/StepTest.build/Release-iphoneos/StepTest.build/StepTest-own-target-headers.hmap

WriteAuxiliaryFile /Users/shamsahmed/Library/Developer/Xcode/DerivedData/StepTest-azlsrvyiaqedvefrbunryuwlbcry/Build/Intermediates.noindex/ArchiveIntermediates/StepTest/IntermediateBuildFilesPath/StepTest.build/Release-iphoneos/StepTest.build/StepTest-project-headers.hmap (in target 'StepTest' from project 'StepTest')
    cd /Users/shamsahmed/StepTest
    write-file /Users/shamsahmed/Library/Developer/Xcode/DerivedData/StepTest-azlsrvyiaqedvefrbunryuwlbcry/Build/Intermediates.noindex/ArchiveIntermediates/StepTest/IntermediateBuildFilesPath/StepTest.build/Release-iphoneos/StepTest.build/StepTest-project-headers.hmap

WriteAuxiliaryFile /Users/shamsahmed/Library/Developer/Xcode/DerivedData/StepTest-azlsrvyiaqedvefrbunryuwlbcry/Build/Intermediates.noindex/ArchiveIntermediates/StepTest/IntermediateBuildFilesPath/StepTest.build/Release-iphoneos/StepTest.build/StepTest-all-target-headers.hmap (in target 'StepTest' from project 'StepTest')
    cd /Users/shamsahmed/StepTest
    write-file /Users/shamsahmed/Library/Developer/Xcode/DerivedData/StepTest-azlsrvyiaqedvefrbunryuwlbcry/Build/Intermediates.noindex/ArchiveIntermediates/StepTest/IntermediateBuildFilesPath/StepTest.build/Release-iphoneos/StepTest.build/StepTest-all-target-headers.hmap

WriteAuxiliaryFile /Users/shamsahmed/Library/Developer/Xcode/DerivedData/StepTest-azlsrvyiaqedvefrbunryuwlbcry/Build/Intermediates.noindex/ArchiveIntermediates/StepTest/IntermediateBuildFilesPath/StepTest.build/Release-iphoneos/StepTest.build/StepTest-generated-files.hmap (in target 'StepTest' from project 'StepTest')
    cd /Users/shamsahmed/StepTest
    write-file /Users/shamsahmed/Library/Developer/Xcode/DerivedData/StepTest-azlsrvyiaqedvefrbunryuwlbcry/Build/Intermediates.noindex/ArchiveIntermediates/StepTest/IntermediateBuildFilesPath/StepTest.build/Release-iphoneos/StepTest.build/StepTest-generated-files.hmap

WriteAuxiliaryFile /Users/shamsahmed/Library/Developer/Xcode/DerivedData/StepTest-azlsrvyiaqedvefrbunryuwlbcry/Build/Intermediates.noindex/ArchiveIntermediates/StepTest/IntermediateBuildFilesPath/StepTest.build/Release-iphoneos/StepTest.build/all-product-headers.yaml (in target 'StepTest' from project 'StepTest')
    cd /Users/shamsahmed/StepTest
    write-file /Users/shamsahmed/Library/Developer/Xcode/DerivedData/StepTest-azlsrvyiaqedvefrbunryuwlbcry/Build/Intermediates.noindex/ArchiveIntermediates/StepTest/IntermediateBuildFilesPath/StepTest.build/Release-iphoneos/StepTest.build/all-product-headers.yaml

WriteAuxiliaryFile /Users/shamsahmed/Library/Developer/Xcode/DerivedData/StepTest-azlsrvyiaqedvefrbunryuwlbcry/Build/Intermediates.noindex/ArchiveIntermediates/StepTest/IntermediateBuildFilesPath/StepTest.build/Release-iphoneos/StepTest.build/StepTest-all-non-framework-target-headers.hmap (in target 'StepTest' from project 'StepTest')
    cd /Users/shamsahmed/StepTest
    write-file /Users/shamsahmed/Library/Developer/Xcode/DerivedData/StepTest-azlsrvyiaqedvefrbunryuwlbcry/Build/Intermediates.noindex/ArchiveIntermediates/StepTest/IntermediateBuildFilesPath/StepTest.build/Release-iphoneos/StepTest.build/StepTest-all-non-framework-target-headers.hmap

WriteAuxiliaryFile /Users/shamsahmed/Library/Developer/Xcode/DerivedData/StepTest-azlsrvyiaqedvefrbunryuwlbcry/Build/Intermediates.noindex/ArchiveIntermediates/StepTest/IntermediateBuildFilesPath/StepTest.build/Release-iphoneos/StepTest.build/StepTest.hmap (in target 'StepTest' from project 'StepTest')
    cd /Users/shamsahmed/StepTest
    write-file /Users/shamsahmed/Library/Developer/Xcode/DerivedData/StepTest-azlsrvyiaqedvefrbunryuwlbcry/Build/Intermediates.noindex/ArchiveIntermediates/StepTest/IntermediateBuildFilesPath/StepTest.build/Release-iphoneos/StepTest.build/StepTest.hmap

WriteAuxiliaryFile /Users/shamsahmed/Library/Developer/Xcode/DerivedData/StepTest-azlsrvyiaqedvefrbunryuwlbcry/Build/Intermediates.noindex/ArchiveIntermediates/StepTest/IntermediateBuildFilesPath/StepTest.build/Release-iphoneos/StepTest.build/Objects-normal/arm64/StepTest.SwiftFileList (in target 'StepTest' from project 'StepTest')
    cd /Users/shamsahmed/StepTest
    write-file /Users/shamsahmed/Library/Developer/Xcode/DerivedData/StepTest-azlsrvyiaqedvefrbunryuwlbcry/Build/Intermediates.noindex/ArchiveIntermediates/StepTest/IntermediateBuildFilesPath/StepTest.build/Release-iphoneos/StepTest.build/Objects-normal/arm64/StepTest.SwiftFileList

WriteAuxiliaryFile /Users/shamsahmed/Library/Developer/Xcode/DerivedData/StepTest-azlsrvyiaqedvefrbunryuwlbcry/Build/Intermediates.noindex/ArchiveIntermediates/StepTest/IntermediateBuildFilesPath/StepTest.build/Release-iphoneos/StepTest.build/Objects-normal/arm64/StepTest-OutputFileMap.json (in target 'StepTest' from project 'StepTest')
    cd /Users/shamsahmed/StepTest
    write-file /Users/shamsahmed/Library/Developer/Xcode/DerivedData/StepTest-azlsrvyiaqedvefrbunryuwlbcry/Build/Intermediates.noindex/ArchiveIntermediates/StepTest/IntermediateBuildFilesPath/StepTest.build/Release-iphoneos/StepTest.build/Objects-normal/arm64/StepTest-OutputFileMap.json

WriteAuxiliaryFile /Users/shamsahmed/Library/Developer/Xcode/DerivedData/StepTest-azlsrvyiaqedvefrbunryuwlbcry/Build/Intermediates.noindex/ArchiveIntermediates/StepTest/IntermediateBuildFilesPath/StepTest.build/Release-iphoneos/StepTest.build/Objects-normal/arm64/StepTest.LinkFileList (in target 'StepTest' from project 'StepTest')
    cd /Users/shamsahmed/StepTest
    write-file /Users/shamsahmed/Library/Developer/Xcode/DerivedData/StepTest-azlsrvyiaqedvefrbunryuwlbcry/Build/Intermediates.noindex/ArchiveIntermediates/StepTest/IntermediateBuildFilesPath/StepTest.build/Release-iphoneos/StepTest.build/Objects-normal/arm64/StepTest.LinkFileList

CompileSwiftSources normal arm64 com.apple.xcode.tools.swift.compiler (in target 'StepTest' from project 'StepTest')
    cd /Users/shamsahmed/StepTest
    export DEVELOPER_DIR=/Applications/Xcode.app/Contents/Developer
    export SDKROOT=/Applications/Xcode.app/Contents/Developer/Platforms/iPhoneOS.platform/Developer/SDKs/iPhoneOS13.5.sdk
    /Applications/Xcode.app/Contents/Developer/Toolchains/XcodeDefault.xctoolchain/usr/bin/swiftc -incremental -module-name StepTest -O -whole-module-optimization -enforce-exclusivity=checked @/Users/shamsahmed/Library/Developer/Xcode/DerivedData/StepTest-azlsrvyiaqedvefrbunryuwlbcry/Build/Intermediates.noindex/ArchiveIntermediates/StepTest/IntermediateBuildFilesPath/StepTest.build/Release-iphoneos/StepTest.build/Objects-normal/arm64/StepTest.SwiftFileList -sdk /Applications/Xcode.app/Contents/Developer/Platforms/iPhoneOS.platform/Developer/SDKs/iPhoneOS13.5.sdk -target arm64-apple-ios13.5 -g -module-cache-path /Users/shamsahmed/Library/Developer/Xcode/DerivedData/ModuleCache.noindex -Xfrontend -serialize-debugging-options -embed-bitcode -swift-version 5 -I /Users/shamsahmed/Library/Developer/Xcode/DerivedData/StepTest-azlsrvyiaqedvefrbunryuwlbcry/Build/Intermediates.noindex/ArchiveIntermediates/StepTest/BuildProductsPath/Release-iphoneos -F /Users/shamsahmed/Library/Developer/Xcode/DerivedData/StepTest-azlsrvyiaqedvefrbunryuwlbcry/Build/Intermediates.noindex/ArchiveIntermediates/StepTest/BuildProductsPath/Release-iphoneos -c -num-threads 8 -output-file-map /Users/shamsahmed/Library/Developer/Xcode/DerivedData/StepTest-azlsrvyiaqedvefrbunryuwlbcry/Build/Intermediates.noindex/ArchiveIntermediates/StepTest/IntermediateBuildFilesPath/StepTest.build/Release-iphoneos/StepTest.build/Objects-normal/arm64/StepTest-OutputFileMap.json -parseable-output -serialize-diagnostics -emit-dependencies -emit-module -emit-module-path /Users/shamsahmed/Library/Developer/Xcode/DerivedData/StepTest-azlsrvyiaqedvefrbunryuwlbcry/Build/Intermediates.noindex/ArchiveIntermediates/StepTest/IntermediateBuildFilesPath/StepTest.build/Release-iphoneos/StepTest.build/Objects-normal/arm64/StepTest.swiftmodule -Xcc -I/Users/shamsahmed/Library/Developer/Xcode/DerivedData/StepTest-azlsrvyiaqedvefrbunryuwlbcry/Build/Intermediates.noindex/ArchiveIntermediates/StepTest/IntermediateBuildFilesPath/StepTest.build/Release-iphoneos/StepTest.build/swift-overrides.hmap -Xcc -iquote -Xcc /Users/shamsahmed/Library/Developer/Xcode/DerivedData/StepTest-azlsrvyiaqedvefrbunryuwlbcry/Build/Intermediates.noindex/ArchiveIntermediates/StepTest/IntermediateBuildFilesPath/StepTest.build/Release-iphoneos/StepTest.build/StepTest-generated-files.hmap -Xcc -I/Users/shamsahmed/Library/Developer/Xcode/DerivedData/StepTest-azlsrvyiaqedvefrbunryuwlbcry/Build/Intermediates.noindex/ArchiveIntermediates/StepTest/IntermediateBuildFilesPath/StepTest.build/Release-iphoneos/StepTest.build/StepTest-own-target-headers.hmap -Xcc -I/Users/shamsahmed/Library/Developer/Xcode/DerivedData/StepTest-azlsrvyiaqedvefrbunryuwlbcry/Build/Intermediates.noindex/ArchiveIntermediates/StepTest/IntermediateBuildFilesPath/StepTest.build/Release-iphoneos/StepTest.build/StepTest-all-target-headers.hmap -Xcc -iquote -Xcc /Users/shamsahmed/Library/Developer/Xcode/DerivedData/StepTest-azlsrvyiaqedvefrbunryuwlbcry/Build/Intermediates.noindex/ArchiveIntermediates/StepTest/IntermediateBuildFilesPath/StepTest.build/Release-iphoneos/StepTest.build/StepTest-project-headers.hmap -Xcc -I/Users/shamsahmed/Library/Developer/Xcode/DerivedData/StepTest-azlsrvyiaqedvefrbunryuwlbcry/Build/Intermediates.noindex/ArchiveIntermediates/StepTest/BuildProductsPath/Release-iphoneos/include -Xcc -I/Users/shamsahmed/Library/Developer/Xcode/DerivedData/StepTest-azlsrvyiaqedvefrbunryuwlbcry/Build/Intermediates.noindex/ArchiveIntermediates/StepTest/IntermediateBuildFilesPath/StepTest.build/Release-iphoneos/StepTest.build/DerivedSources-normal/arm64 -Xcc -I/Users/shamsahmed/Library/Developer/Xcode/DerivedData/StepTest-azlsrvyiaqedvefrbunryuwlbcry/Build/Intermediates.noindex/ArchiveIntermediates/StepTest/IntermediateBuildFilesPath/StepTest.build/Release-iphoneos/StepTest.build/DerivedSources/arm64 -Xcc -I/Users/shamsahmed/Library/Developer/Xcode/DerivedData/StepTest-azlsrvyiaqedvefrbunryuwlbcry/Build/Intermediates.noindex/ArchiveIntermediates/StepTest/IntermediateBuildFilesPath/StepTest.build/Release-iphoneos/StepTest.build/DerivedSources -emit-objc-header -emit-objc-header-path /Users/shamsahmed/Library/Developer/Xcode/DerivedData/StepTest-azlsrvyiaqedvefrbunryuwlbcry/Build/Intermediates.noindex/ArchiveIntermediates/StepTest/IntermediateBuildFilesPath/StepTest.build/Release-iphoneos/StepTest.build/Objects-normal/arm64/StepTest-Swift.h -working-directory /Users/shamsahmed/StepTest

CompileSwift normal arm64 (in target 'StepTest' from project 'StepTest')
    cd /Users/shamsahmed/StepTest
    /Applications/Xcode.app/Contents/Developer/Toolchains/XcodeDefault.xctoolchain/usr/bin/swift -frontend -emit-bc /Users/shamsahmed/StepTest/StepTest/SecondViewController.swift /Users/shamsahmed/StepTest/StepTest/FirstViewController.swift /Users/shamsahmed/StepTest/StepTest/AppDelegate.swift /Users/shamsahmed/StepTest/StepTest/SceneDelegate.swift -emit-module-path /Users/shamsahmed/Library/Developer/Xcode/DerivedData/StepTest-azlsrvyiaqedvefrbunryuwlbcry/Build/Intermediates.noindex/ArchiveIntermediates/StepTest/IntermediateBuildFilesPath/StepTest.build/Release-iphoneos/StepTest.build/Objects-normal/arm64/StepTest.swiftmodule -emit-module-doc-path /Users/shamsahmed/Library/Developer/Xcode/DerivedData/StepTest-azlsrvyiaqedvefrbunryuwlbcry/Build/Intermediates.noindex/ArchiveIntermediates/StepTest/IntermediateBuildFilesPath/StepTest.build/Release-iphoneos/StepTest.build/Objects-normal/arm64/StepTest.swiftdoc -emit-module-source-info-path /Users/shamsahmed/Library/Developer/Xcode/DerivedData/StepTest-azlsrvyiaqedvefrbunryuwlbcry/Build/Intermediates.noindex/ArchiveIntermediates/StepTest/IntermediateBuildFilesPath/StepTest.build/Release-iphoneos/StepTest.build/Objects-normal/arm64/StepTest.swiftsourceinfo -serialize-diagnostics-path /Users/shamsahmed/Library/Developer/Xcode/DerivedData/StepTest-azlsrvyiaqedvefrbunryuwlbcry/Build/Intermediates.noindex/ArchiveIntermediates/StepTest/IntermediateBuildFilesPath/StepTest.build/Release-iphoneos/StepTest.build/Objects-normal/arm64/StepTest-master.dia -emit-objc-header-path /Users/shamsahmed/Library/Developer/Xcode/DerivedData/StepTest-azlsrvyiaqedvefrbunryuwlbcry/Build/Intermediates.noindex/ArchiveIntermediates/StepTest/IntermediateBuildFilesPath/StepTest.build/Release-iphoneos/StepTest.build/Objects-normal/arm64/StepTest-Swift.h -emit-dependencies-path /Users/shamsahmed/Library/Developer/Xcode/DerivedData/StepTest-azlsrvyiaqedvefrbunryuwlbcry/Build/Intermediates.noindex/ArchiveIntermediates/StepTest/IntermediateBuildFilesPath/StepTest.build/Release-iphoneos/StepTest.build/Objects-normal/arm64/StepTest-master.d -target arm64-apple-ios13.5 -Xllvm -aarch64-use-tbi -enable-objc-interop -stack-check -sdk /Applications/Xcode.app/Contents/Developer/Platforms/iPhoneOS.platform/Developer/SDKs/iPhoneOS13.5.sdk -I /Users/shamsahmed/Library/Developer/Xcode/DerivedData/StepTest-azlsrvyiaqedvefrbunryuwlbcry/Build/Intermediates.noindex/ArchiveIntermediates/StepTest/BuildProductsPath/Release-iphoneos -F /Users/shamsahmed/Library/Developer/Xcode/DerivedData/StepTest-azlsrvyiaqedvefrbunryuwlbcry/Build/Intermediates.noindex/ArchiveIntermediates/StepTest/BuildProductsPath/Release-iphoneos -g -module-cache-path /Users/shamsahmed/Library/Developer/Xcode/DerivedData/ModuleCache.noindex -swift-version 5 -enforce-exclusivity=checked -O -serialize-debugging-options -Xcc -working-directory -Xcc /Users/shamsahmed/StepTest -Xcc -I/Users/shamsahmed/Library/Developer/Xcode/DerivedData/StepTest-azlsrvyiaqedvefrbunryuwlbcry/Build/Intermediates.noindex/ArchiveIntermediates/StepTest/IntermediateBuildFilesPath/StepTest.build/Release-iphoneos/StepTest.build/swift-overrides.hmap -Xcc -iquote -Xcc /Users/shamsahmed/Library/Developer/Xcode/DerivedData/StepTest-azlsrvyiaqedvefrbunryuwlbcry/Build/Intermediates.noindex/ArchiveIntermediates/StepTest/IntermediateBuildFilesPath/StepTest.build/Release-iphoneos/StepTest.build/StepTest-generated-files.hmap -Xcc -I/Users/shamsahmed/Library/Developer/Xcode/DerivedData/StepTest-azlsrvyiaqedvefrbunryuwlbcry/Build/Intermediates.noindex/ArchiveIntermediates/StepTest/IntermediateBuildFilesPath/StepTest.build/Release-iphoneos/StepTest.build/StepTest-own-target-headers.hmap -Xcc -I/Users/shamsahmed/Library/Developer/Xcode/DerivedData/StepTest-azlsrvyiaqedvefrbunryuwlbcry/Build/Intermediates.noindex/ArchiveIntermediates/StepTest/IntermediateBuildFilesPath/StepTest.build/Release-iphoneos/StepTest.build/StepTest-all-target-headers.hmap -Xcc -iquote -Xcc /Users/shamsahmed/Library/Developer/Xcode/DerivedData/StepTest-azlsrvyiaqedvefrbunryuwlbcry/Build/Intermediates.noindex/ArchiveIntermediates/StepTest/IntermediateBuildFilesPath/StepTest.build/Release-iphoneos/StepTest.build/StepTest-project-headers.hmap -Xcc -I/Users/shamsahmed/Library/Developer/Xcode/DerivedData/StepTest-azlsrvyiaqedvefrbunryuwlbcry/Build/Intermediates.noindex/ArchiveIntermediates/StepTest/BuildProductsPath/Release-iphoneos/include -Xcc -I/Users/shamsahmed/Library/Developer/Xcode/DerivedData/StepTest-azlsrvyiaqedvefrbunryuwlbcry/Build/Intermediates.noindex/ArchiveIntermediates/StepTest/IntermediateBuildFilesPath/StepTest.build/Release-iphoneos/StepTest.build/DerivedSources-normal/arm64 -Xcc -I/Users/shamsahmed/Library/Developer/Xcode/DerivedData/StepTest-azlsrvyiaqedvefrbunryuwlbcry/Build/Intermediates.noindex/ArchiveIntermediates/StepTest/IntermediateBuildFilesPath/StepTest.build/Release-iphoneos/StepTest.build/DerivedSources/arm64 -Xcc -I/Users/shamsahmed/Library/Developer/Xcode/DerivedData/StepTest-azlsrvyiaqedvefrbunryuwlbcry/Build/Intermediates.noindex/ArchiveIntermediates/StepTest/IntermediateBuildFilesPath/StepTest.build/Release-iphoneos/StepTest.build/DerivedSources -module-name StepTest -num-threads 8 -o /Users/shamsahmed/Library/Developer/Xcode/DerivedData/StepTest-azlsrvyiaqedvefrbunryuwlbcry/Build/Intermediates.noindex/ArchiveIntermediates/StepTest/IntermediateBuildFilesPath/StepTest.build/Release-iphoneos/StepTest.build/Objects-normal/arm64/SecondViewController.bc -o /Users/shamsahmed/Library/Developer/Xcode/DerivedData/StepTest-azlsrvyiaqedvefrbunryuwlbcry/Build/Intermediates.noindex/ArchiveIntermediates/StepTest/IntermediateBuildFilesPath/StepTest.build/Release-iphoneos/StepTest.build/Objects-normal/arm64/FirstViewController.bc -o /Users/shamsahmed/Library/Developer/Xcode/DerivedData/StepTest-azlsrvyiaqedvefrbunryuwlbcry/Build/Intermediates.noindex/ArchiveIntermediates/StepTest/IntermediateBuildFilesPath/StepTest.build/Release-iphoneos/StepTest.build/Objects-normal/arm64/AppDelegate.bc -o /Users/shamsahmed/Library/Developer/Xcode/DerivedData/StepTest-azlsrvyiaqedvefrbunryuwlbcry/Build/Intermediates.noindex/ArchiveIntermediates/StepTest/IntermediateBuildFilesPath/StepTest.build/Release-iphoneos/StepTest.build/Objects-normal/arm64/SceneDelegate.bc

SwiftCodeGeneration normal arm64 (in target 'StepTest' from project 'StepTest')
    cd /Users/shamsahmed/StepTest
    /Applications/Xcode.app/Contents/Developer/Toolchains/XcodeDefault.xctoolchain/usr/bin/swift -frontend -c -primary-file /Users/shamsahmed/Library/Developer/Xcode/DerivedData/StepTest-azlsrvyiaqedvefrbunryuwlbcry/Build/Intermediates.noindex/ArchiveIntermediates/StepTest/IntermediateBuildFilesPath/StepTest.build/Release-iphoneos/StepTest.build/Objects-normal/arm64/SecondViewController.bc -embed-bitcode -target arm64-apple-ios13.5 -Xllvm -aarch64-use-tbi -O -disable-llvm-optzns -module-name StepTest -o /Users/shamsahmed/Library/Developer/Xcode/DerivedData/StepTest-azlsrvyiaqedvefrbunryuwlbcry/Build/Intermediates.noindex/ArchiveIntermediates/StepTest/IntermediateBuildFilesPath/StepTest.build/Release-iphoneos/StepTest.build/Objects-normal/arm64/SecondViewController.o

SwiftCodeGeneration normal arm64 (in target 'StepTest' from project 'StepTest')
    cd /Users/shamsahmed/StepTest
    /Applications/Xcode.app/Contents/Developer/Toolchains/XcodeDefault.xctoolchain/usr/bin/swift -frontend -c -primary-file /Users/shamsahmed/Library/Developer/Xcode/DerivedData/StepTest-azlsrvyiaqedvefrbunryuwlbcry/Build/Intermediates.noindex/ArchiveIntermediates/StepTest/IntermediateBuildFilesPath/StepTest.build/Release-iphoneos/StepTest.build/Objects-normal/arm64/FirstViewController.bc -embed-bitcode -target arm64-apple-ios13.5 -Xllvm -aarch64-use-tbi -O -disable-llvm-optzns -module-name StepTest -o /Users/shamsahmed/Library/Developer/Xcode/DerivedData/StepTest-azlsrvyiaqedvefrbunryuwlbcry/Build/Intermediates.noindex/ArchiveIntermediates/StepTest/IntermediateBuildFilesPath/StepTest.build/Release-iphoneos/StepTest.build/Objects-normal/arm64/FirstViewController.o

SwiftCodeGeneration normal arm64 (in target 'StepTest' from project 'StepTest')
    cd /Users/shamsahmed/StepTest
    /Applications/Xcode.app/Contents/Developer/Toolchains/XcodeDefault.xctoolchain/usr/bin/swift -frontend -c -primary-file /Users/shamsahmed/Library/Developer/Xcode/DerivedData/StepTest-azlsrvyiaqedvefrbunryuwlbcry/Build/Intermediates.noindex/ArchiveIntermediates/StepTest/IntermediateBuildFilesPath/StepTest.build/Release-iphoneos/StepTest.build/Objects-normal/arm64/AppDelegate.bc -embed-bitcode -target arm64-apple-ios13.5 -Xllvm -aarch64-use-tbi -O -disable-llvm-optzns -module-name StepTest -o /Users/shamsahmed/Library/Developer/Xcode/DerivedData/StepTest-azlsrvyiaqedvefrbunryuwlbcry/Build/Intermediates.noindex/ArchiveIntermediates/StepTest/IntermediateBuildFilesPath/StepTest.build/Release-iphoneos/StepTest.build/Objects-normal/arm64/AppDelegate.o

SwiftCodeGeneration normal arm64 (in target 'StepTest' from project 'StepTest')
    cd /Users/shamsahmed/StepTest
    /Applications/Xcode.app/Contents/Developer/Toolchains/XcodeDefault.xctoolchain/usr/bin/swift -frontend -c -primary-file /Users/shamsahmed/Library/Developer/Xcode/DerivedData/StepTest-azlsrvyiaqedvefrbunryuwlbcry/Build/Intermediates.noindex/ArchiveIntermediates/StepTest/IntermediateBuildFilesPath/StepTest.build/Release-iphoneos/StepTest.build/Objects-normal/arm64/SceneDelegate.bc -embed-bitcode -target arm64-apple-ios13.5 -Xllvm -aarch64-use-tbi -O -disable-llvm-optzns -module-name StepTest -o /Users/shamsahmed/Library/Developer/Xcode/DerivedData/StepTest-azlsrvyiaqedvefrbunryuwlbcry/Build/Intermediates.noindex/ArchiveIntermediates/StepTest/IntermediateBuildFilesPath/StepTest.build/Release-iphoneos/StepTest.build/Objects-normal/arm64/SceneDelegate.o

Ditto /Users/shamsahmed/Library/Developer/Xcode/DerivedData/StepTest-azlsrvyiaqedvefrbunryuwlbcry/Build/Intermediates.noindex/ArchiveIntermediates/StepTest/IntermediateBuildFilesPath/StepTest.build/Release-iphoneos/StepTest.build/DerivedSources/StepTest-Swift.h /Users/shamsahmed/Library/Developer/Xcode/DerivedData/StepTest-azlsrvyiaqedvefrbunryuwlbcry/Build/Intermediates.noindex/ArchiveIntermediates/StepTest/IntermediateBuildFilesPath/StepTest.build/Release-iphoneos/StepTest.build/Objects-normal/arm64/StepTest-Swift.h (in target 'StepTest' from project 'StepTest')
    cd /Users/shamsahmed/StepTest
    /usr/bin/ditto -rsrc /Users/shamsahmed/Library/Developer/Xcode/DerivedData/StepTest-azlsrvyiaqedvefrbunryuwlbcry/Build/Intermediates.noindex/ArchiveIntermediates/StepTest/IntermediateBuildFilesPath/StepTest.build/Release-iphoneos/StepTest.build/Objects-normal/arm64/StepTest-Swift.h /Users/shamsahmed/Library/Developer/Xcode/DerivedData/StepTest-azlsrvyiaqedvefrbunryuwlbcry/Build/Intermediates.noindex/ArchiveIntermediates/StepTest/IntermediateBuildFilesPath/StepTest.build/Release-iphoneos/StepTest.build/DerivedSources/StepTest-Swift.h

Ld /Users/shamsahmed/Library/Developer/Xcode/DerivedData/StepTest-azlsrvyiaqedvefrbunryuwlbcry/Build/Intermediates.noindex/ArchiveIntermediates/StepTest/InstallationBuildProductsLocation/Applications/StepTest.app/StepTest normal arm64 (in target 'StepTest' from project 'StepTest')
    cd /Users/shamsahmed/StepTest
    /Applications/Xcode.app/Contents/Developer/Toolchains/XcodeDefault.xctoolchain/usr/bin/clang -target arm64-apple-ios13.5 -isysroot /Applications/Xcode.app/Contents/Developer/Platforms/iPhoneOS.platform/Developer/SDKs/iPhoneOS13.5.sdk -L/Users/shamsahmed/Library/Developer/Xcode/DerivedData/StepTest-azlsrvyiaqedvefrbunryuwlbcry/Build/Intermediates.noindex/ArchiveIntermediates/StepTest/BuildProductsPath/Release-iphoneos -F/Users/shamsahmed/Library/Developer/Xcode/DerivedData/StepTest-azlsrvyiaqedvefrbunryuwlbcry/Build/Intermediates.noindex/ArchiveIntermediates/StepTest/BuildProductsPath/Release-iphoneos -filelist /Users/shamsahmed/Library/Developer/Xcode/DerivedData/StepTest-azlsrvyiaqedvefrbunryuwlbcry/Build/Intermediates.noindex/ArchiveIntermediates/StepTest/IntermediateBuildFilesPath/StepTest.build/Release-iphoneos/StepTest.build/Objects-normal/arm64/StepTest.LinkFileList -Xlinker -rpath -Xlinker @executable_path/Frameworks -dead_strip -Xlinker -object_path_lto -Xlinker /Users/shamsahmed/Library/Developer/Xcode/DerivedData/StepTest-azlsrvyiaqedvefrbunryuwlbcry/Build/Intermediates.noindex/ArchiveIntermediates/StepTest/IntermediateBuildFilesPath/StepTest.build/Release-iphoneos/StepTest.build/Objects-normal/arm64/StepTest_lto.o -fembed-bitcode -Xlinker -bitcode_verify -Xlinker -bitcode_hide_symbols -Xlinker -bitcode_symbol_map -Xlinker /Users/shamsahmed/Library/Developer/Xcode/DerivedData/StepTest-azlsrvyiaqedvefrbunryuwlbcry/Build/Intermediates.noindex/ArchiveIntermediates/StepTest/BuildProductsPath/Release-iphoneos -Xlinker -final_output -Xlinker /Applications/StepTest.app/StepTest -fobjc-link-runtime -L/Applications/Xcode.app/Contents/Developer/Toolchains/XcodeDefault.xctoolchain/usr/lib/swift/iphoneos -L/usr/lib/swift -Xlinker -add_ast_path -Xlinker /Users/shamsahmed/Library/Developer/Xcode/DerivedData/StepTest-azlsrvyiaqedvefrbunryuwlbcry/Build/Intermediates.noindex/ArchiveIntermediates/StepTest/IntermediateBuildFilesPath/StepTest.build/Release-iphoneos/StepTest.build/Objects-normal/arm64/StepTest.swiftmodule -Xlinker -dependency_info -Xlinker /Users/shamsahmed/Library/Developer/Xcode/DerivedData/StepTest-azlsrvyiaqedvefrbunryuwlbcry/Build/Intermediates.noindex/ArchiveIntermediates/StepTest/IntermediateBuildFilesPath/StepTest.build/Release-iphoneos/StepTest.build/Objects-normal/arm64/StepTest_dependency_info.dat -o /Users/shamsahmed/Library/Developer/Xcode/DerivedData/StepTest-azlsrvyiaqedvefrbunryuwlbcry/Build/Intermediates.noindex/ArchiveIntermediates/StepTest/InstallationBuildProductsLocation/Applications/StepTest.app/StepTest

Ditto /Users/shamsahmed/Library/Developer/Xcode/DerivedData/StepTest-azlsrvyiaqedvefrbunryuwlbcry/Build/Intermediates.noindex/ArchiveIntermediates/StepTest/BuildProductsPath/Release-iphoneos/StepTest.swiftmodule/arm64.swiftmodule /Users/shamsahmed/Library/Developer/Xcode/DerivedData/StepTest-azlsrvyiaqedvefrbunryuwlbcry/Build/Intermediates.noindex/ArchiveIntermediates/StepTest/IntermediateBuildFilesPath/StepTest.build/Release-iphoneos/StepTest.build/Objects-normal/arm64/StepTest.swiftmodule (in target 'StepTest' from project 'StepTest')
    cd /Users/shamsahmed/StepTest
    /usr/bin/ditto -rsrc /Users/shamsahmed/Library/Developer/Xcode/DerivedData/StepTest-azlsrvyiaqedvefrbunryuwlbcry/Build/Intermediates.noindex/ArchiveIntermediates/StepTest/IntermediateBuildFilesPath/StepTest.build/Release-iphoneos/StepTest.build/Objects-normal/arm64/StepTest.swiftmodule /Users/shamsahmed/Library/Developer/Xcode/DerivedData/StepTest-azlsrvyiaqedvefrbunryuwlbcry/Build/Intermediates.noindex/ArchiveIntermediates/StepTest/BuildProductsPath/Release-iphoneos/StepTest.swiftmodule/arm64.swiftmodule

Ditto /Users/shamsahmed/Library/Developer/Xcode/DerivedData/StepTest-azlsrvyiaqedvefrbunryuwlbcry/Build/Intermediates.noindex/ArchiveIntermediates/StepTest/BuildProductsPath/Release-iphoneos/StepTest.swiftmodule/arm64.swiftdoc /Users/shamsahmed/Library/Developer/Xcode/DerivedData/StepTest-azlsrvyiaqedvefrbunryuwlbcry/Build/Intermediates.noindex/ArchiveIntermediates/StepTest/IntermediateBuildFilesPath/StepTest.build/Release-iphoneos/StepTest.build/Objects-normal/arm64/StepTest.swiftdoc (in target 'StepTest' from project 'StepTest')
    cd /Users/shamsahmed/StepTest
    /usr/bin/ditto -rsrc /Users/shamsahmed/Library/Developer/Xcode/DerivedData/StepTest-azlsrvyiaqedvefrbunryuwlbcry/Build/Intermediates.noindex/ArchiveIntermediates/StepTest/IntermediateBuildFilesPath/StepTest.build/Release-iphoneos/StepTest.build/Objects-normal/arm64/StepTest.swiftdoc /Users/shamsahmed/Library/Developer/Xcode/DerivedData/StepTest-azlsrvyiaqedvefrbunryuwlbcry/Build/Intermediates.noindex/ArchiveIntermediates/StepTest/BuildProductsPath/Release-iphoneos/StepTest.swiftmodule/arm64.swiftdoc

Ditto /Users/shamsahmed/Library/Developer/Xcode/DerivedData/StepTest-azlsrvyiaqedvefrbunryuwlbcry/Build/Intermediates.noindex/ArchiveIntermediates/StepTest/BuildProductsPath/Release-iphoneos/StepTest.swiftmodule/arm64-apple-ios.swiftdoc /Users/shamsahmed/Library/Developer/Xcode/DerivedData/StepTest-azlsrvyiaqedvefrbunryuwlbcry/Build/Intermediates.noindex/ArchiveIntermediates/StepTest/IntermediateBuildFilesPath/StepTest.build/Release-iphoneos/StepTest.build/Objects-normal/arm64/StepTest.swiftdoc (in target 'StepTest' from project 'StepTest')
    cd /Users/shamsahmed/StepTest
    /usr/bin/ditto -rsrc /Users/shamsahmed/Library/Developer/Xcode/DerivedData/StepTest-azlsrvyiaqedvefrbunryuwlbcry/Build/Intermediates.noindex/ArchiveIntermediates/StepTest/IntermediateBuildFilesPath/StepTest.build/Release-iphoneos/StepTest.build/Objects-normal/arm64/StepTest.swiftdoc /Users/shamsahmed/Library/Developer/Xcode/DerivedData/StepTest-azlsrvyiaqedvefrbunryuwlbcry/Build/Intermediates.noindex/ArchiveIntermediates/StepTest/BuildProductsPath/Release-iphoneos/StepTest.swiftmodule/arm64-apple-ios.swiftdoc

Ditto /Users/shamsahmed/Library/Developer/Xcode/DerivedData/StepTest-azlsrvyiaqedvefrbunryuwlbcry/Build/Intermediates.noindex/ArchiveIntermediates/StepTest/BuildProductsPath/Release-iphoneos/StepTest.swiftmodule/arm64-apple-ios.swiftmodule /Users/shamsahmed/Library/Developer/Xcode/DerivedData/StepTest-azlsrvyiaqedvefrbunryuwlbcry/Build/Intermediates.noindex/ArchiveIntermediates/StepTest/IntermediateBuildFilesPath/StepTest.build/Release-iphoneos/StepTest.build/Objects-normal/arm64/StepTest.swiftmodule (in target 'StepTest' from project 'StepTest')
    cd /Users/shamsahmed/StepTest
    /usr/bin/ditto -rsrc /Users/shamsahmed/Library/Developer/Xcode/DerivedData/StepTest-azlsrvyiaqedvefrbunryuwlbcry/Build/Intermediates.noindex/ArchiveIntermediates/StepTest/IntermediateBuildFilesPath/StepTest.build/Release-iphoneos/StepTest.build/Objects-normal/arm64/StepTest.swiftmodule /Users/shamsahmed/Library/Developer/Xcode/DerivedData/StepTest-azlsrvyiaqedvefrbunryuwlbcry/Build/Intermediates.noindex/ArchiveIntermediates/StepTest/BuildProductsPath/Release-iphoneos/StepTest.swiftmodule/arm64-apple-ios.swiftmodule

CompileStoryboard /Users/shamsahmed/StepTest/StepTest/Base.lproj/Main.storyboard (in target 'StepTest' from project 'StepTest')
    cd /Users/shamsahmed/StepTest
    export XCODE_DEVELOPER_USR_PATH=/Applications/Xcode.app/Contents/Developer/usr/bin/..
    /Applications/Xcode.app/Contents/Developer/usr/bin/ibtool --errors --warnings --notices --module StepTest --output-partial-info-plist /Users/shamsahmed/Library/Developer/Xcode/DerivedData/StepTest-azlsrvyiaqedvefrbunryuwlbcry/Build/Intermediates.noindex/ArchiveIntermediates/StepTest/IntermediateBuildFilesPath/StepTest.build/Release-iphoneos/StepTest.build/Base.lproj/Main-SBPartialInfo.plist --auto-activate-custom-fonts --target-device iphone --target-device ipad --minimum-deployment-target 13.5 --output-format human-readable-text --compilation-directory /Users/shamsahmed/Library/Developer/Xcode/DerivedData/StepTest-azlsrvyiaqedvefrbunryuwlbcry/Build/Intermediates.noindex/ArchiveIntermediates/StepTest/IntermediateBuildFilesPath/StepTest.build/Release-iphoneos/StepTest.build/Base.lproj /Users/shamsahmed/StepTest/StepTest/Base.lproj/Main.storyboard

CompileStoryboard /Users/shamsahmed/StepTest/StepTest/Base.lproj/LaunchScreen.storyboard (in target 'StepTest' from project 'StepTest')
    cd /Users/shamsahmed/StepTest
    export XCODE_DEVELOPER_USR_PATH=/Applications/Xcode.app/Contents/Developer/usr/bin/..
    /Applications/Xcode.app/Contents/Developer/usr/bin/ibtool --errors --warnings --notices --module StepTest --output-partial-info-plist /Users/shamsahmed/Library/Developer/Xcode/DerivedData/StepTest-azlsrvyiaqedvefrbunryuwlbcry/Build/Intermediates.noindex/ArchiveIntermediates/StepTest/IntermediateBuildFilesPath/StepTest.build/Release-iphoneos/StepTest.build/Base.lproj/LaunchScreen-SBPartialInfo.plist --auto-activate-custom-fonts --target-device iphone --target-device ipad --minimum-deployment-target 13.5 --output-format human-readable-text --compilation-directory /Users/shamsahmed/Library/Developer/Xcode/DerivedData/StepTest-azlsrvyiaqedvefrbunryuwlbcry/Build/Intermediates.noindex/ArchiveIntermediates/StepTest/IntermediateBuildFilesPath/StepTest.build/Release-iphoneos/StepTest.build/Base.lproj /Users/shamsahmed/StepTest/StepTest/Base.lproj/LaunchScreen.storyboard

CompileAssetCatalog /Users/shamsahmed/Library/Developer/Xcode/DerivedData/StepTest-azlsrvyiaqedvefrbunryuwlbcry/Build/Intermediates.noindex/ArchiveIntermediates/StepTest/InstallationBuildProductsLocation/Applications/StepTest.app /Users/shamsahmed/StepTest/StepTest/Assets.xcassets (in target 'StepTest' from project 'StepTest')
    cd /Users/shamsahmed/StepTest
    /Applications/Xcode.app/Contents/Developer/usr/bin/actool --output-format human-readable-text --notices --warnings --export-dependency-info /Users/shamsahmed/Library/Developer/Xcode/DerivedData/StepTest-azlsrvyiaqedvefrbunryuwlbcry/Build/Intermediates.noindex/ArchiveIntermediates/StepTest/IntermediateBuildFilesPath/StepTest.build/Release-iphoneos/StepTest.build/assetcatalog_dependencies --output-partial-info-plist /Users/shamsahmed/Library/Developer/Xcode/DerivedData/StepTest-azlsrvyiaqedvefrbunryuwlbcry/Build/Intermediates.noindex/ArchiveIntermediates/StepTest/IntermediateBuildFilesPath/StepTest.build/Release-iphoneos/StepTest.build/assetcatalog_generated_info.plist --app-icon AppIcon --compress-pngs --enable-on-demand-resources YES --sticker-pack-identifier-prefix io.bitrise.UploadDSYM.StepTest.sticker-pack. --development-region en --target-device iphone --target-device ipad --minimum-deployment-target 13.5 --platform iphoneos --product-type com.apple.product-type.application --compile /Users/shamsahmed/Library/Developer/Xcode/DerivedData/StepTest-azlsrvyiaqedvefrbunryuwlbcry/Build/Intermediates.noindex/ArchiveIntermediates/StepTest/InstallationBuildProductsLocation/Applications/StepTest.app /Users/shamsahmed/StepTest/StepTest/Assets.xcassets
2020-07-17 10:26:48.064 ibtoold[41892:12302328] DEBUG: Added to environment: {
    TMPDIR = "/var/folders/kb/p2wfrmxx1vb5489fgdfshf_h0000gn/T/9BF7C50E-3C11-400E-944B-10453EBC75C7";
}
/* com.apple.actool.compilation-results */
/Users/shamsahmed/Library/Developer/Xcode/DerivedData/StepTest-azlsrvyiaqedvefrbunryuwlbcry/Build/Intermediates.noindex/ArchiveIntermediates/StepTest/InstallationBuildProductsLocation/Applications/StepTest.app/Assets.car
/Users/shamsahmed/Library/Developer/Xcode/DerivedData/StepTest-azlsrvyiaqedvefrbunryuwlbcry/Build/Intermediates.noindex/ArchiveIntermediates/StepTest/IntermediateBuildFilesPath/StepTest.build/Release-iphoneos/StepTest.build/assetcatalog_generated_info.plist


LinkStoryboards (in target 'StepTest' from project 'StepTest')
    cd /Users/shamsahmed/StepTest
    export XCODE_DEVELOPER_USR_PATH=/Applications/Xcode.app/Contents/Developer/usr/bin/..
    /Applications/Xcode.app/Contents/Developer/usr/bin/ibtool --errors --warnings --notices --module StepTest --target-device iphone --target-device ipad --minimum-deployment-target 13.5 --output-format human-readable-text --link /Users/shamsahmed/Library/Developer/Xcode/DerivedData/StepTest-azlsrvyiaqedvefrbunryuwlbcry/Build/Intermediates.noindex/ArchiveIntermediates/StepTest/InstallationBuildProductsLocation/Applications/StepTest.app /Users/shamsahmed/Library/Developer/Xcode/DerivedData/StepTest-azlsrvyiaqedvefrbunryuwlbcry/Build/Intermediates.noindex/ArchiveIntermediates/StepTest/IntermediateBuildFilesPath/StepTest.build/Release-iphoneos/StepTest.build/Base.lproj/LaunchScreen.storyboardc /Users/shamsahmed/Library/Developer/Xcode/DerivedData/StepTest-azlsrvyiaqedvefrbunryuwlbcry/Build/Intermediates.noindex/ArchiveIntermediates/StepTest/IntermediateBuildFilesPath/StepTest.build/Release-iphoneos/StepTest.build/Base.lproj/Main.storyboardc

ProcessInfoPlistFile /Users/shamsahmed/Library/Developer/Xcode/DerivedData/StepTest-azlsrvyiaqedvefrbunryuwlbcry/Build/Intermediates.noindex/ArchiveIntermediates/StepTest/InstallationBuildProductsLocation/Applications/StepTest.app/Info.plist /Users/shamsahmed/StepTest/StepTest/Info.plist (in target 'StepTest' from project 'StepTest')
    cd /Users/shamsahmed/StepTest
    builtin-infoPlistUtility /Users/shamsahmed/StepTest/StepTest/Info.plist -producttype com.apple.product-type.application -genpkginfo /Users/shamsahmed/Library/Developer/Xcode/DerivedData/StepTest-azlsrvyiaqedvefrbunryuwlbcry/Build/Intermediates.noindex/ArchiveIntermediates/StepTest/InstallationBuildProductsLocation/Applications/StepTest.app/PkgInfo -expandbuildsettings -format binary -platform iphoneos -additionalcontentfile /Users/shamsahmed/Library/Developer/Xcode/DerivedData/StepTest-azlsrvyiaqedvefrbunryuwlbcry/Build/Intermediates.noindex/ArchiveIntermediates/StepTest/IntermediateBuildFilesPath/StepTest.build/Release-iphoneos/StepTest.build/Base.lproj/LaunchScreen-SBPartialInfo.plist -additionalcontentfile /Users/shamsahmed/Library/Developer/Xcode/DerivedData/StepTest-azlsrvyiaqedvefrbunryuwlbcry/Build/Intermediates.noindex/ArchiveIntermediates/StepTest/IntermediateBuildFilesPath/StepTest.build/Release-iphoneos/StepTest.build/Base.lproj/Main-SBPartialInfo.plist -additionalcontentfile /Users/shamsahmed/Library/Developer/Xcode/DerivedData/StepTest-azlsrvyiaqedvefrbunryuwlbcry/Build/Intermediates.noindex/ArchiveIntermediates/StepTest/IntermediateBuildFilesPath/StepTest.build/Release-iphoneos/StepTest.build/assetcatalog_generated_info.plist -requiredArchitecture arm64 -o /Users/shamsahmed/Library/Developer/Xcode/DerivedData/StepTest-azlsrvyiaqedvefrbunryuwlbcry/Build/Intermediates.noindex/ArchiveIntermediates/StepTest/InstallationBuildProductsLocation/Applications/StepTest.app/Info.plist

CopySwiftLibs /Users/shamsahmed/Library/Developer/Xcode/DerivedData/StepTest-azlsrvyiaqedvefrbunryuwlbcry/Build/Intermediates.noindex/ArchiveIntermediates/StepTest/InstallationBuildProductsLocation/Applications/StepTest.app (in target 'StepTest' from project 'StepTest')
    cd /Users/shamsahmed/StepTest
    export CODESIGN_ALLOCATE=/Applications/Xcode.app/Contents/Developer/Toolchains/XcodeDefault.xctoolchain/usr/bin/codesign_allocate
    export DEVELOPER_DIR=/Applications/Xcode.app/Contents/Developer
    export SDKROOT=/Applications/Xcode.app/Contents/Developer/Platforms/iPhoneOS.platform/Developer/SDKs/iPhoneOS13.5.sdk
    builtin-swiftStdLibTool --copy --verbose --sign 82A925F653AF82385657FBB857D9C2FED1F4A6EC --scan-executable /Users/shamsahmed/Library/Developer/Xcode/DerivedData/StepTest-azlsrvyiaqedvefrbunryuwlbcry/Build/Intermediates.noindex/ArchiveIntermediates/StepTest/InstallationBuildProductsLocation/Applications/StepTest.app/StepTest --scan-folder /Users/shamsahmed/Library/Developer/Xcode/DerivedData/StepTest-azlsrvyiaqedvefrbunryuwlbcry/Build/Intermediates.noindex/ArchiveIntermediates/StepTest/InstallationBuildProductsLocation/Applications/StepTest.app/Frameworks --scan-folder /Users/shamsahmed/Library/Developer/Xcode/DerivedData/StepTest-azlsrvyiaqedvefrbunryuwlbcry/Build/Intermediates.noindex/ArchiveIntermediates/StepTest/InstallationBuildProductsLocation/Applications/StepTest.app/PlugIns --platform iphoneos --toolchain /Applications/Xcode.app/Contents/Developer/Toolchains/XcodeDefault.xctoolchain --destination /Users/shamsahmed/Library/Developer/Xcode/DerivedData/StepTest-azlsrvyiaqedvefrbunryuwlbcry/Build/Intermediates.noindex/ArchiveIntermediates/StepTest/InstallationBuildProductsLocation/Applications/StepTest.app/Frameworks --unsigned-destination /Users/shamsahmed/Library/Developer/Xcode/DerivedData/StepTest-azlsrvyiaqedvefrbunryuwlbcry/Build/Intermediates.noindex/ArchiveIntermediates/StepTest/BuildProductsPath/SwiftSupport --emit-dependency-info /Users/shamsahmed/Library/Developer/Xcode/DerivedData/StepTest-azlsrvyiaqedvefrbunryuwlbcry/Build/Intermediates.noindex/ArchiveIntermediates/StepTest/IntermediateBuildFilesPath/StepTest.build/Release-iphoneos/StepTest.build/SwiftStdLibToolInputDependencies.dep --filter-for-swift-os

GenerateDSYMFile /Users/shamsahmed/Library/Developer/Xcode/DerivedData/StepTest-azlsrvyiaqedvefrbunryuwlbcry/Build/Intermediates.noindex/ArchiveIntermediates/StepTest/BuildProductsPath/Release-iphoneos/StepTest.app.dSYM /Users/shamsahmed/Library/Developer/Xcode/DerivedData/StepTest-azlsrvyiaqedvefrbunryuwlbcry/Build/Intermediates.noindex/ArchiveIntermediates/StepTest/InstallationBuildProductsLocation/Applications/StepTest.app/StepTest (in target 'StepTest' from project 'StepTest')
    cd /Users/shamsahmed/StepTest
    /Applications/Xcode.app/Contents/Developer/Toolchains/XcodeDefault.xctoolchain/usr/bin/dsymutil /Users/shamsahmed/Library/Developer/Xcode/DerivedData/StepTest-azlsrvyiaqedvefrbunryuwlbcry/Build/Intermediates.noindex/ArchiveIntermediates/StepTest/InstallationBuildProductsLocation/Applications/StepTest.app/StepTest -o /Users/shamsahmed/Library/Developer/Xcode/DerivedData/StepTest-azlsrvyiaqedvefrbunryuwlbcry/Build/Intermediates.noindex/ArchiveIntermediates/StepTest/BuildProductsPath/Release-iphoneos/StepTest.app.dSYM

Strip /Users/shamsahmed/Library/Developer/Xcode/DerivedData/StepTest-azlsrvyiaqedvefrbunryuwlbcry/Build/Intermediates.noindex/ArchiveIntermediates/StepTest/InstallationBuildProductsLocation/Applications/StepTest.app/StepTest (in target 'StepTest' from project 'StepTest')
    cd /Users/shamsahmed/StepTest
    /Applications/Xcode.app/Contents/Developer/Toolchains/XcodeDefault.xctoolchain/usr/bin/strip /Users/shamsahmed/Library/Developer/Xcode/DerivedData/StepTest-azlsrvyiaqedvefrbunryuwlbcry/Build/Intermediates.noindex/ArchiveIntermediates/StepTest/InstallationBuildProductsLocation/Applications/StepTest.app/StepTest

SetOwnerAndGroup shamsahmed:staff /Users/shamsahmed/Library/Developer/Xcode/DerivedData/StepTest-azlsrvyiaqedvefrbunryuwlbcry/Build/Intermediates.noindex/ArchiveIntermediates/StepTest/InstallationBuildProductsLocation/Applications/StepTest.app (in target 'StepTest' from project 'StepTest')
    cd /Users/shamsahmed/StepTest
    /usr/sbin/chown -RH shamsahmed:staff /Users/shamsahmed/Library/Developer/Xcode/DerivedData/StepTest-azlsrvyiaqedvefrbunryuwlbcry/Build/Intermediates.noindex/ArchiveIntermediates/StepTest/InstallationBuildProductsLocation/Applications/StepTest.app

SetMode u+w,go-w,a+rX /Users/shamsahmed/Library/Developer/Xcode/DerivedData/StepTest-azlsrvyiaqedvefrbunryuwlbcry/Build/Intermediates.noindex/ArchiveIntermediates/StepTest/InstallationBuildProductsLocation/Applications/StepTest.app (in target 'StepTest' from project 'StepTest')
    cd /Users/shamsahmed/StepTest
    /bin/chmod -RH u+w,go-w,a+rX /Users/shamsahmed/Library/Developer/Xcode/DerivedData/StepTest-azlsrvyiaqedvefrbunryuwlbcry/Build/Intermediates.noindex/ArchiveIntermediates/StepTest/InstallationBuildProductsLocation/Applications/StepTest.app

CodeSign /Users/shamsahmed/Library/Developer/Xcode/DerivedData/StepTest-azlsrvyiaqedvefrbunryuwlbcry/Build/Intermediates.noindex/ArchiveIntermediates/StepTest/InstallationBuildProductsLocation/Applications/StepTest.app (in target 'StepTest' from project 'StepTest')
    cd /Users/shamsahmed/StepTest
    export CODESIGN_ALLOCATE=/Applications/Xcode.app/Contents/Developer/Toolchains/XcodeDefault.xctoolchain/usr/bin/codesign_allocate
    
Signing Identity:     "Apple Development: Shams Ahmed (X3C365MN6R)"
Provisioning Profile: "iOS Team Provisioning Profile: io.bitrise.*"
                      (09009eb5-c28c-4a21-ae7c-a406b610c2b3)

    /usr/bin/codesign --force --sign 82A925F653AF82385657FBB857D9C2FED1F4A6EC --entitlements /Users/shamsahmed/Library/Developer/Xcode/DerivedData/StepTest-azlsrvyiaqedvefrbunryuwlbcry/Build/Intermediates.noindex/ArchiveIntermediates/StepTest/IntermediateBuildFilesPath/StepTest.build/Release-iphoneos/StepTest.build/StepTest.app.xcent /Users/shamsahmed/Library/Developer/Xcode/DerivedData/StepTest-azlsrvyiaqedvefrbunryuwlbcry/Build/Intermediates.noindex/ArchiveIntermediates/StepTest/InstallationBuildProductsLocation/Applications/StepTest.app

RegisterExecutionPolicyException /Users/shamsahmed/Library/Developer/Xcode/DerivedData/StepTest-azlsrvyiaqedvefrbunryuwlbcry/Build/Intermediates.noindex/ArchiveIntermediates/StepTest/InstallationBuildProductsLocation/Applications/StepTest.app (in target 'StepTest' from project 'StepTest')
    cd /Users/shamsahmed/StepTest
    builtin-RegisterExecutionPolicyException /Users/shamsahmed/Library/Developer/Xcode/DerivedData/StepTest-azlsrvyiaqedvefrbunryuwlbcry/Build/Intermediates.noindex/ArchiveIntermediates/StepTest/InstallationBuildProductsLocation/Applications/StepTest.app
note: Execution policy exception registration failed and was skipped: Error Domain=NSPOSIXErrorDomain Code=1 "Operation not permitted" (in target 'StepTest' from project 'StepTest')

Validate /Users/shamsahmed/Library/Developer/Xcode/DerivedData/StepTest-azlsrvyiaqedvefrbunryuwlbcry/Build/Intermediates.noindex/ArchiveIntermediates/StepTest/InstallationBuildProductsLocation/Applications/StepTest.app (in target 'StepTest' from project 'StepTest')
    cd /Users/shamsahmed/StepTest
    builtin-validationUtility /Users/shamsahmed/Library/Developer/Xcode/DerivedData/StepTest-azlsrvyiaqedvefrbunryuwlbcry/Build/Intermediates.noindex/ArchiveIntermediates/StepTest/InstallationBuildProductsLocation/Applications/StepTest.app

Touch /Users/shamsahmed/Library/Developer/Xcode/DerivedData/StepTest-azlsrvyiaqedvefrbunryuwlbcry/Build/Intermediates.noindex/ArchiveIntermediates/StepTest/InstallationBuildProductsLocation/Applications/StepTest.app (in target 'StepTest' from project 'StepTest')
    cd /Users/shamsahmed/StepTest
    /usr/bin/touch -c /Users/shamsahmed/Library/Developer/Xcode/DerivedData/StepTest-azlsrvyiaqedvefrbunryuwlbcry/Build/Intermediates.noindex/ArchiveIntermediates/StepTest/InstallationBuildProductsLocation/Applications/StepTest.app

** ARCHIVE SUCCEEDED **